<?xml version="1.0" encoding="UTF-8"?>
<testng-results ignored="0" total="1" passed="1" failed="0" skipped="0">
  <reporter-output>
  </reporter-output>
  <suite started-at="2024-08-30T15:40:26 IST" name="Master Suite" finished-at="2024-08-30T15:40:37 IST" duration-ms="10981">
    <groups>
      <group name="Master">
        <method signature="TC02_LoginTest.verifyLogin()[pri:0, instance:testCases.TC02_LoginTest@7f6f61c8]" name="verifyLogin" class="testCases.TC02_LoginTest"/>
      </group> <!-- Master -->
      <group name="Sanity">
        <method signature="TC02_LoginTest.verifyLogin()[pri:0, instance:testCases.TC02_LoginTest@7f6f61c8]" name="verifyLogin" class="testCases.TC02_LoginTest"/>
      </group> <!-- Sanity -->
    </groups>
    <test started-at="2024-08-30T15:40:26 IST" name="Test" finished-at="2024-08-30T15:40:37 IST" duration-ms="10981">
      <class name="testCases.TC02_LoginTest">
        <test-method is-config="true" signature="setup(java.lang.String,java.lang.String)[pri:0, instance:testCases.TC02_LoginTest@7f6f61c8]" started-at="2024-08-30T15:40:26 IST" name="setup" finished-at="2024-08-30T15:40:35 IST" duration-ms="8718" status="PASS">
          <params>
            <param index="0">
              <value>
                <![CDATA[windows]]>
              </value>
            </param>
            <param index="1">
              <value>
                <![CDATA[Chrome]]>
              </value>
            </param>
          </params>
          <reporter-output>
          </reporter-output>
        </test-method> <!-- setup -->
        <test-method signature="verifyLogin()[pri:0, instance:testCases.TC02_LoginTest@7f6f61c8]" started-at="2024-08-30T15:40:35 IST" name="verifyLogin" finished-at="2024-08-30T15:40:37 IST" duration-ms="1568" status="PASS">
          <reporter-output>
          </reporter-output>
        </test-method> <!-- verifyLogin -->
        <test-method is-config="true" signature="teardown()[pri:0, instance:testCases.TC02_LoginTest@7f6f61c8]" started-at="2024-08-30T15:40:37 IST" name="teardown" finished-at="2024-08-30T15:40:37 IST" duration-ms="388" status="PASS">
          <reporter-output>
          </reporter-output>
        </test-method> <!-- teardown -->
      </class> <!-- testCases.TC02_LoginTest -->
    </test> <!-- Test -->
  </suite> <!-- Master Suite -->
</testng-results>
